Using pre-set license
Built from '2021.3/staging' branch; Version is '2021.3.6f1 (7da38d85baf6) revision 8233869'; Using compiler version '192829333'; Build Type 'Release'
OS: 'Windows 10  (10.0.19044) 64bit Professional' Language: 'ko' Physical Memory: 16107 MB
BatchMode: 1, IsHumanControllingUs: 0, StartBugReporterOnCrash: 0, Is64bit: 1, IsPro: 1

COMMAND LINE ARGUMENTS:
C:\Program Files\Unity\Hub\Editor\2021.3.6f1\Editor\Unity.exe
-adb2
-batchMode
-noUpm
-name
AssetImportWorker0
-projectPath
C:/Users/TAEYEON/Main_Develop
-logFile
Logs/AssetImportWorker0.log
-srvPort
49927
Successfully changed project path to: C:/Users/TAEYEON/Main_Develop
C:/Users/TAEYEON/Main_Develop
[UnityMemory] Configuration Parameters - Can be set up in boot.config
    "memorysetup-bucket-allocator-granularity=16"
    "memorysetup-bucket-allocator-bucket-count=8"
    "memorysetup-bucket-allocator-block-size=33554432"
    "memorysetup-bucket-allocator-block-count=8"
    "memorysetup-main-allocator-block-size=16777216"
    "memorysetup-thread-allocator-block-size=16777216"
    "memorysetup-gfx-main-allocator-block-size=16777216"
    "memorysetup-gfx-thread-allocator-block-size=16777216"
    "memorysetup-cache-allocator-block-size=4194304"
    "memorysetup-typetree-allocator-block-size=2097152"
    "memorysetup-profiler-bucket-allocator-granularity=16"
    "memorysetup-profiler-bucket-allocator-bucket-count=8"
    "memorysetup-profiler-bucket-allocator-block-size=33554432"
    "memorysetup-profiler-bucket-allocator-block-count=8"
    "memorysetup-profiler-allocator-block-size=16777216"
    "memorysetup-profiler-editor-allocator-block-size=1048576"
    "memorysetup-temp-allocator-size-main=16777216"
    "memorysetup-job-temp-allocator-block-size=2097152"
    "memorysetup-job-temp-allocator-block-size-background=1048576"
    "memorysetup-job-temp-allocator-reduction-small-platforms=262144"
    "memorysetup-temp-allocator-size-background-worker=32768"
    "memorysetup-temp-allocator-size-job-worker=262144"
    "memorysetup-temp-allocator-size-preload-manager=33554432"
    "memorysetup-temp-allocator-size-nav-mesh-worker=65536"
    "memorysetup-temp-allocator-size-audio-worker=65536"
    "memorysetup-temp-allocator-size-cloud-worker=32768"
    "memorysetup-temp-allocator-size-gi-baking-worker=262144"
    "memorysetup-temp-allocator-size-gfx=262144"
Refreshing native plugins compatible for Editor in 124.27 ms, found 4 plugins.
Preloading 0 native plugins for Editor in 0.00 ms.
Initialize engine version: 2021.3.6f1 (7da38d85baf6)
[Subsystems] Discovering subsystems at path C:/Program Files/Unity/Hub/Editor/2021.3.6f1/Editor/Data/Resources/UnitySubsystems
[Subsystems] Discovering subsystems at path C:/Users/TAEYEON/Main_Develop/Assets
GfxDevice: creating device client; threaded=0; jobified=0
Direct3D:
    Version:  Direct3D 11.0 [level 11.1]
    Renderer: Intel(R) Iris(R) Xe Graphics (ID=0x9a49)
    Vendor:   Intel
    VRAM:     8053 MB
    Driver:   27.20.100.9415
Initialize mono
Mono path[0] = 'C:/Program Files/Unity/Hub/Editor/2021.3.6f1/Editor/Data/Managed'
Mono path[1] = 'C:/Program Files/Unity/Hub/Editor/2021.3.6f1/Editor/Data/MonoBleedingEdge/lib/mono/unityjit-win32'
Mono config path = 'C:/Program Files/Unity/Hub/Editor/2021.3.6f1/Editor/Data/MonoBleedingEdge/etc'
Using monoOptions --debugger-agent=transport=dt_socket,embedding=1,server=y,suspend=n,address=127.0.0.1:56852
Begin MonoManager ReloadAssembly
Registering precompiled unity dll's ...
Register platform support module: C:/Program Files/Unity/Hub/Editor/2021.3.6f1/Editor/Data/PlaybackEngines/WebGLSupport/UnityEditor.WebGL.Extensions.dll
Register platform support module: C:/Program Files/Unity/Hub/Editor/2021.3.6f1/Editor/Data/PlaybackEngines/WindowsStandaloneSupport/UnityEditor.WindowsStandalone.Extensions.dll
Registered in 0.039613 seconds.
Native extension for WindowsStandalone target not found
Native extension for WebGL target not found
Refreshing native plugins compatible for Editor in 188.95 ms, found 4 plugins.
Preloading 0 native plugins for Editor in 0.00 ms.
Mono: successfully reloaded assembly
- Completed reload, in  1.411 seconds
Domain Reload Profiling:
	ReloadAssembly (1411ms)
		BeginReloadAssembly (169ms)
			ExecutionOrderSort (0ms)
			DisableScriptedObjects (0ms)
			BackupInstance (0ms)
			ReleaseScriptingObjects (0ms)
			CreateAndSetChildDomain (1ms)
		EndReloadAssembly (965ms)
			LoadAssemblies (166ms)
			RebuildTransferFunctionScriptingTraits (0ms)
			SetupTypeCache (264ms)
			ReleaseScriptCaches (0ms)
			RebuildScriptCaches (61ms)
			SetupLoadedEditorAssemblies (546ms)
				LogAssemblyErrors (0ms)
				InitializePlatformSupportModulesInManaged (24ms)
				SetLoadedEditorAssemblies (0ms)
				RefreshPlugins (189ms)
				BeforeProcessingInitializeOnLoad (3ms)
				ProcessInitializeOnLoadAttributes (255ms)
				ProcessInitializeOnLoadMethodAttributes (75ms)
				AfterProcessingInitializeOnLoad (0ms)
				EditorAssembliesLoaded (0ms)
			ExecutionOrderSort2 (0ms)
			AwakeInstancesAfterBackupRestoration (0ms)
Platform modules already initialized, skipping
Registering precompiled user dll's ...
Registered in 0.016959 seconds.
Begin MonoManager ReloadAssembly
Symbol file LoadedFromMemory doesn't match image C:\Users\TAEYEON\Main_Develop\Library\PackageCache\com.unity.visualscripting@1.7.8\Editor\VisualScripting.Core\Dependencies\YamlDotNet\Unity.VisualScripting.YamlDotNet.dll
Symbol file LoadedFromMemory doesn't match image C:\Users\TAEYEON\Main_Develop\Library\PackageCache\com.unity.visualscripting@1.7.8\Editor\VisualScripting.Core\Dependencies\DotNetZip\Unity.VisualScripting.IonicZip.dll
Native extension for WindowsStandalone target not found
Native extension for WebGL target not found
Refreshing native plugins compatible for Editor in 115.76 ms, found 4 plugins.
Preloading 0 native plugins for Editor in 0.00 ms.
Mono: successfully reloaded assembly
- Completed reload, in  1.600 seconds
Domain Reload Profiling:
	ReloadAssembly (1601ms)
		BeginReloadAssembly (144ms)
			ExecutionOrderSort (0ms)
			DisableScriptedObjects (7ms)
			BackupInstance (0ms)
			ReleaseScriptingObjects (0ms)
			CreateAndSetChildDomain (22ms)
		EndReloadAssembly (1300ms)
			LoadAssemblies (132ms)
			RebuildTransferFunctionScriptingTraits (0ms)
			SetupTypeCache (371ms)
			ReleaseScriptCaches (1ms)
			RebuildScriptCaches (81ms)
			SetupLoadedEditorAssemblies (659ms)
				LogAssemblyErrors (0ms)
				InitializePlatformSupportModulesInManaged (10ms)
				SetLoadedEditorAssemblies (0ms)
				RefreshPlugins (116ms)
				BeforeProcessingInitializeOnLoad (133ms)
				ProcessInitializeOnLoadAttributes (328ms)
				ProcessInitializeOnLoadMethodAttributes (60ms)
				AfterProcessingInitializeOnLoad (13ms)
				EditorAssembliesLoaded (0ms)
			ExecutionOrderSort2 (0ms)
			AwakeInstancesAfterBackupRestoration (9ms)
Platform modules already initialized, skipping
========================================================================
Worker process is ready to serve import requests
Launched and connected shader compiler UnityShaderCompiler.exe after 0.05 seconds
Refreshing native plugins compatible for Editor in 0.67 ms, found 4 plugins.
Preloading 0 native plugins for Editor in 0.00 ms.
Unloading 4060 Unused Serialized files (Serialized files now loaded: 0)
Unloading 44 unused Assets / (222.5 KB). Loaded Objects now: 4511.
Memory consumption went from 151.1 MB to 150.9 MB.
Total: 3.869600 ms (FindLiveObjects: 0.309900 ms CreateObjectMapping: 0.132900 ms MarkObjects: 3.244600 ms  DeleteObjects: 0.181000 ms)

AssetImportParameters requested are different than current active one (requested -> active):
  custom:video-decoder-ogg-theora: a1e56fd34408186e4bbccfd4996cb3dc -> 
  custom:container-muxer-webm: aa71ff27fc2769a1b78a27578f13a17b -> 
  custom:container-demuxer-webm: 4f35f7cbe854078d1ac9338744f61a02 -> 
  custom:video-encoder-webm-vp8: eb34c28f22e8b96e1ab97ce403110664 -> 
  custom:audio-encoder-webm-vorbis: bf7c407c2cedff20999df2af8eb42d56 -> 
  custom:framework-win-MediaFoundation: 216162199b28c13a410421893ffa2e32 -> 
  custom:container-demuxer-ogg: 62fdf1f143b41e24485cea50d1cbac27 -> 
  custom:video-decoder-webm-vp8: 9c59270c3fd7afecdb556c50c9e8de78 -> 
  custom:audio-decoder-ogg-vorbis: bf7c407c2cedff20999df2af8eb42d56 -> 
========================================================================
Received Import Request.
  Time since last request: 2367.616555 seconds.
  path: Assets/ModularGoblins/Demo/Animations/Walk.anim
  artifactKey: Guid(1880c9d240911d14b9c2622b15c7e26f) Importer(815301076,1909f56bfc062723c751e8b465ee728b)
Start importing Assets/ModularGoblins/Demo/Animations/Walk.anim using Guid(1880c9d240911d14b9c2622b15c7e26f) Importer(815301076,1909f56bfc062723c751e8b465ee728b)  -> (artifact id: 'd7317572f949a86ddba44cf0f45eeda7') in 0.042084 seconds 
========================================================================
Received Import Request.
  Time since last request: 7.844730 seconds.
  path: Assets/ModularGoblins/Png/Body Parts
  artifactKey: Guid(4ef198bb91c0ab641a49e1c251597d73) Importer(815301076,1909f56bfc062723c751e8b465ee728b)
Start importing Assets/ModularGoblins/Png/Body Parts using Guid(4ef198bb91c0ab641a49e1c251597d73) Importer(815301076,1909f56bfc062723c751e8b465ee728b)  -> (artifact id: 'b0d6bc0adb1aa852081d99d0b363b796') in 0.007239 seconds 
========================================================================
Received Import Request.
  Time since last request: 0.493943 seconds.
  path: Assets/ModularGoblins/Png/Character Animated
  artifactKey: Guid(40fbff259c7f1454da67522cb85caad4) Importer(815301076,1909f56bfc062723c751e8b465ee728b)
Start importing Assets/ModularGoblins/Png/Character Animated using Guid(40fbff259c7f1454da67522cb85caad4) Importer(815301076,1909f56bfc062723c751e8b465ee728b)  -> (artifact id: 'e1c94e76ce1d645f55a7dbece4f5df2b') in 0.006698 seconds 
========================================================================
Received Import Request.
  Time since last request: 1.527599 seconds.
  path: Assets/ModularGoblins/Png/Character Animated/animation_character.png
  artifactKey: Guid(56a7db6e852658d4db29f51066d8ec26) Importer(815301076,1909f56bfc062723c751e8b465ee728b)
Start importing Assets/ModularGoblins/Png/Character Animated/animation_character.png using Guid(56a7db6e852658d4db29f51066d8ec26) Importer(815301076,1909f56bfc062723c751e8b465ee728b)  -> (artifact id: '657f1c10060f3fc1e5acca5dd05def81') in 0.586896 seconds 
========================================================================
Received Import Request.
  Time since last request: 12.055054 seconds.
  path: Assets/ModularGoblins/Png/Full Page/Full_Page.png
  artifactKey: Guid(fed784dc80d6fcd4e85ce53cf301a921) Importer(815301076,1909f56bfc062723c751e8b465ee728b)
Start importing Assets/ModularGoblins/Png/Full Page/Full_Page.png using Guid(fed784dc80d6fcd4e85ce53cf301a921) Importer(815301076,1909f56bfc062723c751e8b465ee728b)  -> (artifact id: 'ef57d32a95749022785a74aa3752e67e') in 0.045131 seconds 
========================================================================
Received Import Request.
  Time since last request: 2.698850 seconds.
  path: Assets/ModularGoblins/Png/Weapons
  artifactKey: Guid(a728ca67a59a2d04e8541231aab37872) Importer(815301076,1909f56bfc062723c751e8b465ee728b)
Start importing Assets/ModularGoblins/Png/Weapons using Guid(a728ca67a59a2d04e8541231aab37872) Importer(815301076,1909f56bfc062723c751e8b465ee728b)  -> (artifact id: '4618d7b5d9b0e2ac175d9a9acab8e5a3') in 0.006855 seconds 
========================================================================
Received Import Request.
  Time since last request: 277.487911 seconds.
  path: Assets/ModularGoblins/Demo/Animations/animation_character_29.controller
  artifactKey: Guid(a3cfb6d8a564a2e4ea70628d58f06c87) Importer(815301076,1909f56bfc062723c751e8b465ee728b)
Start importing Assets/ModularGoblins/Demo/Animations/animation_character_29.controller using Guid(a3cfb6d8a564a2e4ea70628d58f06c87) Importer(815301076,1909f56bfc062723c751e8b465ee728b)  -> (artifact id: 'ffb7a94987ce7cc1b594fc7c4cc1a91f') in 0.011863 seconds 
========================================================================
Received Import Request.
  Time since last request: 1.450678 seconds.
  path: Assets/ModularGoblins
  artifactKey: Guid(d9f3b29dc72608d4fa1ba16cc7188a69) Importer(815301076,1909f56bfc062723c751e8b465ee728b)
Start importing Assets/ModularGoblins using Guid(d9f3b29dc72608d4fa1ba16cc7188a69) Importer(815301076,1909f56bfc062723c751e8b465ee728b)  -> (artifact id: '75ee091842645fcd904fcb25b9dc2efd') in 0.006541 seconds 
========================================================================
Received Prepare
Registering precompiled user dll's ...
Registered in 0.017857 seconds.
Begin MonoManager ReloadAssembly
Symbol file LoadedFromMemory doesn't match image C:\Users\TAEYEON\Main_Develop\Library\PackageCache\com.unity.visualscripting@1.7.8\Editor\VisualScripting.Core\Dependencies\YamlDotNet\Unity.VisualScripting.YamlDotNet.dll
Symbol file LoadedFromMemory doesn't match image C:\Users\TAEYEON\Main_Develop\Library\PackageCache\com.unity.visualscripting@1.7.8\Editor\VisualScripting.Core\Dependencies\DotNetZip\Unity.VisualScripting.IonicZip.dll
Native extension for WindowsStandalone target not found
Native extension for WebGL target not found
Refreshing native plugins compatible for Editor in 1.02 ms, found 4 plugins.
Preloading 0 native plugins for Editor in 0.00 ms.
Mono: successfully reloaded assembly
- Completed reload, in  1.248 seconds
Domain Reload Profiling:
	ReloadAssembly (1248ms)
		BeginReloadAssembly (161ms)
			ExecutionOrderSort (0ms)
			DisableScriptedObjects (7ms)
			BackupInstance (0ms)
			ReleaseScriptingObjects (0ms)
			CreateAndSetChildDomain (45ms)
		EndReloadAssembly (968ms)
			LoadAssemblies (111ms)
			RebuildTransferFunctionScriptingTraits (0ms)
			SetupTypeCache (297ms)
			ReleaseScriptCaches (2ms)
			RebuildScriptCaches (59ms)
			SetupLoadedEditorAssemblies (436ms)
				LogAssemblyErrors (0ms)
				InitializePlatformSupportModulesInManaged (22ms)
				SetLoadedEditorAssemblies (1ms)
				RefreshPlugins (1ms)
				BeforeProcessingInitializeOnLoad (102ms)
				ProcessInitializeOnLoadAttributes (250ms)
				ProcessInitializeOnLoadMethodAttributes (48ms)
				AfterProcessingInitializeOnLoad (11ms)
				EditorAssembliesLoaded (0ms)
			ExecutionOrderSort2 (0ms)
			AwakeInstancesAfterBackupRestoration (12ms)
Platform modules already initialized, skipping
Refreshing native plugins compatible for Editor in 3.08 ms, found 4 plugins.
Preloading 0 native plugins for Editor in 0.00 ms.
Unloading 4055 Unused Serialized files (Serialized files now loaded: 0)
Unloading 31 unused Assets / (189.9 KB). Loaded Objects now: 4521.
Memory consumption went from 155.5 MB to 155.3 MB.
Total: 3.192000 ms (FindLiveObjects: 0.310800 ms CreateObjectMapping: 0.140100 ms MarkObjects: 2.587200 ms  DeleteObjects: 0.152100 ms)

AssetImportParameters requested are different than current active one (requested -> active):
  custom:video-decoder-ogg-theora: a1e56fd34408186e4bbccfd4996cb3dc -> 
  custom:container-muxer-webm: aa71ff27fc2769a1b78a27578f13a17b -> 
  custom:container-demuxer-webm: 4f35f7cbe854078d1ac9338744f61a02 -> 
  custom:video-encoder-webm-vp8: eb34c28f22e8b96e1ab97ce403110664 -> 
  custom:audio-encoder-webm-vorbis: bf7c407c2cedff20999df2af8eb42d56 -> 
  custom:framework-win-MediaFoundation: 216162199b28c13a410421893ffa2e32 -> 
  custom:container-demuxer-ogg: 62fdf1f143b41e24485cea50d1cbac27 -> 
  custom:video-decoder-webm-vp8: 9c59270c3fd7afecdb556c50c9e8de78 -> 
  custom:audio-decoder-ogg-vorbis: bf7c407c2cedff20999df2af8eb42d56 -> 
========================================================================
Received Import Request.
  Time since last request: 154.070642 seconds.
  path: Assets/road_desert(2).asset
  artifactKey: Guid(43e50ebf7c3b8e74fbe4d409157f2466) Importer(815301076,1909f56bfc062723c751e8b465ee728b)
Start importing Assets/road_desert(2).asset using Guid(43e50ebf7c3b8e74fbe4d409157f2466) Importer(815301076,1909f56bfc062723c751e8b465ee728b)  -> (artifact id: '62504a52106859efcfc4d84e3ea55078') in 0.107263 seconds 
========================================================================
Received Import Request.
  Time since last request: 0.213854 seconds.
  path: Assets/Scenes/SampleScene.unity
  artifactKey: Guid(2cda990e2423bbf4892e6590ba056729) Importer(815301076,1909f56bfc062723c751e8b465ee728b)
Start importing Assets/Scenes/SampleScene.unity using Guid(2cda990e2423bbf4892e6590ba056729) Importer(815301076,1909f56bfc062723c751e8b465ee728b)  -> (artifact id: 'd0f613354b2b0635343b4029823124e3') in 0.007071 seconds 
